<?xml version="1.0" encoding="UTF-8" ?>
<testsuite errors="1" failures="4" hostname="LAPTOP-U6RJ971V" name="CalculatorTest" skipped="0" tests="11" time="0.085" timestamp="2021-05-18T12:01:28">
  <properties>
[...]
</properties>
  <testcase classname="CalculatorTest" name="testClear" time="0.0" />
  <testcase classname="CalculatorTest" name="testAdd1" time="0.0" />
  <testcase classname="CalculatorTest" name="testAdd2" time="0.001" />
  <testcase classname="CalculatorTest" name="testDivide" time="0.0" />
  <testcase classname="CalculatorTest" name="testSquare" time="0.0" />
  <testcase classname="CalculatorTest" name="testSquareRoot" time="0.036">
    <error message="test timed out after 20 milliseconds" type="java.lang.Exception">java.lang.Exception: test timed out after 20 milliseconds
	at Calculator.squareRoot(Unknown Source)
	at CalculatorTest.testSquareRoot(Unknown Source)
</error>
  </testcase>
  <testcase classname="CalculatorTest" name="testSubstract2" time="0.0">
    <failure message="expected:&lt;10&gt; but was:&lt;19&gt;" type="junit.framework.AssertionFailedError">junit.framework.AssertionFailedError: expected:&lt;10&gt; but was:&lt;19&gt;
	at CalculatorTest.testSubstract2(Unknown Source)
</failure>
  </testcase>
  <testcase classname="CalculatorTest" name="testMultiply1" time="0.0">
    <failure message="expected:&lt;200&gt; but was:&lt;20&gt;" type="junit.framework.AssertionFailedError">junit.framework.AssertionFailedError: expected:&lt;200&gt; but was:&lt;20&gt;
	at CalculatorTest.testMultiply1(Unknown Source)
</failure>
  </testcase>
  <testcase classname="CalculatorTest" name="testMultiply2" time="0.001">
    <failure message="expected:&lt;-200&gt; but was:&lt;-1&gt;" type="junit.framework.AssertionFailedError">junit.framework.AssertionFailedError: expected:&lt;-200&gt; but was:&lt;-1&gt;
	at CalculatorTest.testMultiply2(Unknown Source)
</failure>
  </testcase>
  <testcase classname="CalculatorTest" name="testSubstract1" time="0.0">
    <failure message="expected:&lt;-10&gt; but was:&lt;-1&gt;" type="junit.framework.AssertionFailedError">junit.framework.AssertionFailedError: expected:&lt;-10&gt; but was:&lt;-1&gt;
	at CalculatorTest.testSubstract1(Unknown Source)
</failure>
  </testcase>
  <testcase classname="CalculatorTest" name="testGetResult" time="0.0" />
  <system-out><![CDATA[]]></system-out>
  <system-err><![CDATA[]]></system-err>
</testsuite>
